<?xml version="1.0" encoding="UTF-8"?>
<!-- Generated by org.testng.reporters.JUnitReportReporter -->
<testsuite skipped="0" hostname="jagadeesh-HP-EliteBook-840-G2" name="test_scenarios.SearchJobsAndApply" tests="3" failures="0" timestamp="28 Mar 2019 16:00:36 GMT" time="110.373" errors="0">
  <testcase name="user_skills" time="20.548" classname="test_scenarios.SearchJobsAndApply"/>
  <testcase name="searchJobsStoreInDB" time="51.886" classname="test_scenarios.SearchJobsAndApply"/>
  <testcase name="applyJobWithSkillMatch" time="37.939" classname="test_scenarios.SearchJobsAndApply"/>
</testsuite> <!-- test_scenarios.SearchJobsAndApply -->
