<?xml version="1.0" encoding="UTF-8"?>
<!-- Generated by org.testng.reporters.JUnitReportReporter -->
<testsuite skipped="0" hostname="jagadeesh-HP-EliteBook-840-G2" name="test_scenarios.SearchJobsAndApply" tests="3" failures="0" timestamp="28 Mar 2019 08:13:38 GMT" time="98.858" errors="0">
  <testcase name="user_skills" time="15.362" classname="test_scenarios.SearchJobsAndApply"/>
  <testcase name="searchJobsStoreInDB" time="59.788" classname="test_scenarios.SearchJobsAndApply"/>
  <testcase name="applyJobWithSkillMatch" time="23.708" classname="test_scenarios.SearchJobsAndApply"/>
</testsuite> <!-- test_scenarios.SearchJobsAndApply -->
