<?xml version="1.0" encoding="UTF-8"?>
<!-- Generated by org.testng.reporters.JUnitReportReporter -->
<testsuite skipped="0" hostname="jagadeesh-HP-EliteBook-840-G2" name="test_scenarios.SearchJobsAndApply" tests="3" failures="0" timestamp="28 Mar 2019 11:01:15 GMT" time="88.338" errors="0">
  <testcase name="user_skills" time="16.234" classname="test_scenarios.SearchJobsAndApply"/>
  <testcase name="searchJobsStoreInDB" time="57.484" classname="test_scenarios.SearchJobsAndApply"/>
  <testcase name="applyJobWithSkillMatch" time="14.620" classname="test_scenarios.SearchJobsAndApply"/>
</testsuite> <!-- test_scenarios.SearchJobsAndApply -->
